<?xml version="1.0" encoding="UTF-8"?>
<!-- Generated by org.testng.reporters.JUnitReportReporter -->
<testsuite ignored="0" hostname="DESKTOP-PA9OLLU" failures="0" tests="1" name="com.TestSelenium.config.CheckDriver" time="21.360" errors="0" timestamp="24 Aug 2018 08:17:33 GMT" skipped="0">
  <testcase classname="com.TestSelenium.config.CheckDriver" name="setderf" time="21.360"/>
</testsuite> <!-- com.TestSelenium.config.CheckDriver -->
