<?xml version="1.0" encoding="UTF-8"?>
<!-- Generated by org.testng.reporters.JUnitReportReporter -->
<testsuite ignored="0" hostname="DESKTOP-PA9OLLU" failures="0" tests="1" name="com.TestSelenium.TestCases.OpenTicketWebElement" time="57.649" errors="0" timestamp="25 Aug 2018 08:48:04 GMT" skipped="0">
  <testcase classname="com.TestSelenium.TestCases.OpenTicketWebElement" name="getPage" time="57.649"/>
</testsuite> <!-- com.TestSelenium.TestCases.OpenTicketWebElement -->
