<?xml version="1.0" encoding="UTF-8"?>
<!-- Generated by org.testng.reporters.JUnitReportReporter -->
<testsuite ignored="0" hostname="DESKTOP-PA9OLLU" failures="0" tests="1" name="com.TestSelenium.TestCases.LoginPageTest" time="1.789" errors="0" timestamp="24 Aug 2018 12:26:24 GMT" skipped="0">
  <testcase classname="com.TestSelenium.TestCases.LoginPageTest" name="loginTest" time="1.789"/>
</testsuite> <!-- com.TestSelenium.TestCases.LoginPageTest -->
