<?xml version="1.0" encoding="UTF-8"?>
<!-- Generated by org.testng.reporters.JUnitReportReporter -->
<testsuite ignored="0" hostname="DESKTOP-PA9OLLU" failures="0" tests="1" name="com.TestSelenium.TestCases.TestSeleniumWebElements" time="0.031" errors="0" timestamp="25 Aug 2018 08:28:29 GMT" skipped="0">
  <testcase classname="com.TestSelenium.TestCases.TestSeleniumWebElements" name="getPage" time="0.031"/>
</testsuite> <!-- com.TestSelenium.TestCases.TestSeleniumWebElements -->
