<?xml version="1.0" encoding="UTF-8"?>
<!-- Generated by org.testng.reporters.JUnitReportReporter -->
<testsuite ignored="0" hostname="DESKTOP-PA9OLLU" failures="0" tests="1" name="com.demo.seleniumTest.CheckDriver" time="20.602" errors="0" timestamp="31 Jul 2018 16:25:36 GMT" skipped="0">
  <testcase classname="com.demo.seleniumTest.CheckDriver" name="setderf" time="20.602"/>
</testsuite> <!-- com.demo.seleniumTest.CheckDriver -->
